<?xml version="1.0" encoding="UTF-8"?>
<!-- Generated by org.testng.reporters.JUnitXMLReporter -->
<testsuite ignored="1" hostname="Garimas-MacBook-Pro.local" failures="0" tests="2" name="/Users/garimasingh/gojekUIAutomation/src/org/gojek/scripts" time="48.168" errors="0" timestamp="2020-03-03T12:37:49 IST">
  <testcase classname="org.gojek.scripts.TC01" name="successFlow" time="21.257"/>
  <testcase classname="org.gojek.scripts.TC02" name="failureFlow" time="14.096"/>
  <testcase classname="org.gojek.base.Base" name="@BeforeSuite crossBrowser" time="0.0">
    <ignored/>
  </testcase> <!-- @BeforeSuite crossBrowser -->
</testsuite> <!-- /Users/garimasingh/gojekUIAutomation/src/org/gojek/scripts -->
